Reading source from C:\Users\dawid\Desktop\UniCosCom\public\icon-512.png...
Source image loaded.
Autocropping to remove transparent padding...
Generating standardized icons...
Starting icon-192.png...
Cloned icon-192.png
Contained icon-192.png
Writing to C:\Users\dawid\Desktop\UniCosCom\public\icon-192.png...
Saved icon-192.png (192x192)
Starting icon-512.png...
Cloned icon-512.png
Contained icon-512.png
Writing to C:\Users\dawid\Desktop\UniCosCom\public\icon-512.png...
Saved icon-512.png (512x512)
Starting icon.png...
Cloned icon.png
Contained icon.png
Writing to C:\Users\dawid\Desktop\UniCosCom\public\icon.png...
Saved icon.png (512x512)
Starting apple-touch-icon.png...
Cloned apple-touch-icon.png
Contained apple-touch-icon.png
Writing to C:\Users\dawid\Desktop\UniCosCom\public\apple-touch-icon.png...
Saved apple-touch-icon.png (180x180)
Starting icon-maskable-192.png...
Cloned icon-maskable-192.png
Contained icon-maskable-192.png
Writing to C:\Users\dawid\Desktop\UniCosCom\public\icon-maskable-192.png...
Saved icon-maskable-192.png (192x192)
Starting icon-maskable-512.png...
Cloned icon-maskable-512.png
Contained icon-maskable-512.png
Writing to C:\Users\dawid\Desktop\UniCosCom\public\icon-maskable-512.png...
Saved icon-maskable-512.png (512x512)
Starting favicon-32x32.png...
Cloned favicon-32x32.png
Contained favicon-32x32.png
Writing to C:\Users\dawid\Desktop\UniCosCom\public\favicon-32x32.png...
Saved favicon-32x32.png (32x32)
Saved favicon-32x32.png
Icon generation complete!
